android/app/build/intermediates/manifest_merge_blame_file/debug/processDebugMainManifest/manifest-merger-blame-debug-report.txt
1<?xml version="1.0" encoding="utf-8"?>
2<manifest xmlns:android="http://schemas.android.com/apk/res/android"
3    package="com.quartz.wallet"
4    android:versionCode="1"
5    android:versionName="0.1.0" >
6
7    <uses-sdk
8        android:minSdkVersion="24"
9        android:targetSdkVersion="35" />
10
11    <uses-permission android:name="android.permission.INTERNET" />
11-->src/main/AndroidManifest.xml:5:5-67
11-->src/main/AndroidManifest.xml:5:22-64
12    <uses-permission android:name="android.permission.CAMERA" />
12-->src/main/AndroidManifest.xml:6:5-65
12-->src/main/AndroidManifest.xml:6:22-62
13    <uses-permission android:name="android.permission.USE_BIOMETRIC" />
13-->src/main/AndroidManifest.xml:7:5-72
13-->src/main/AndroidManifest.xml:7:22-69
14    <uses-permission
14-->src/main/AndroidManifest.xml:8:5-95
15        android:name="android.permission.BLUETOOTH"
15-->src/main/AndroidManifest.xml:8:22-65
16        android:maxSdkVersion="30" />
16-->src/main/AndroidManifest.xml:8:66-92
17    <uses-permission
17-->src/main/AndroidManifest.xml:9:5-101
18        android:name="android.permission.BLUETOOTH_ADMIN"
18-->src/main/AndroidManifest.xml:9:22-71
19        android:maxSdkVersion="30" />
19-->src/main/AndroidManifest.xml:9:72-98
20    <uses-permission android:name="android.permission.BLUETOOTH_CONNECT" />
20-->src/main/AndroidManifest.xml:10:5-76
20-->src/main/AndroidManifest.xml:10:22-73
21    <uses-permission
21-->src/main/AndroidManifest.xml:11:5-141
22        android:name="android.permission.BLUETOOTH_SCAN"
22-->src/main/AndroidManifest.xml:11:22-70
23        android:usesPermissionFlags="neverForLocation" />
23-->src/main/AndroidManifest.xml:11:71-117
24    <uses-permission android:name="android.permission.ACCESS_FINE_LOCATION" />
24-->src/main/AndroidManifest.xml:12:5-79
24-->src/main/AndroidManifest.xml:12:22-76
25
26    <uses-feature
26-->src/main/AndroidManifest.xml:14:5-91
27        android:name="android.hardware.bluetooth_le"
27-->src/main/AndroidManifest.xml:14:19-63
28        android:required="false" />
28-->src/main/AndroidManifest.xml:14:64-88
29    <!-- suppress DeprecatedClassUsageInspection -->
30    <uses-permission android:name="android.permission.USE_FINGERPRINT" />
30-->[androidx.biometric:biometric:1.2.0-alpha05] AndroidManifest.xml:25:5-74
30-->[androidx.biometric:biometric:1.2.0-alpha05] AndroidManifest.xml:25:22-71
31
32    <permission
32-->[androidx.core:core:1.15.0] AndroidManifest.xml:22:5-24:47
33        android:name="com.quartz.wallet.DYNAMIC_RECEIVER_NOT_EXPORTED_PERMISSION"
33-->[androidx.core:core:1.15.0] AndroidManifest.xml:23:9-81
34        android:protectionLevel="signature" />
34-->[androidx.core:core:1.15.0] AndroidManifest.xml:24:9-44
35
36    <uses-permission android:name="com.quartz.wallet.DYNAMIC_RECEIVER_NOT_EXPORTED_PERMISSION" /> <!-- Don't require camera, as this requires a rear camera. This allows it to work on the Nexus 7 -->
36-->[androidx.core:core:1.15.0] AndroidManifest.xml:26:5-97
36-->[androidx.core:core:1.15.0] AndroidManifest.xml:26:22-94
37    <uses-feature
37-->[com.journeyapps:zxing-android-embedded:4.3.0] AndroidManifest.xml:25:5-27:36
38        android:name="android.hardware.camera"
38-->[com.journeyapps:zxing-android-embedded:4.3.0] AndroidManifest.xml:26:9-47
39        android:required="false" />
39-->[com.journeyapps:zxing-android-embedded:4.3.0] AndroidManifest.xml:27:9-33
40    <uses-feature
40-->[com.journeyapps:zxing-android-embedded:4.3.0] AndroidManifest.xml:28:5-30:36
41        android:name="android.hardware.camera.front"
41-->[com.journeyapps:zxing-android-embedded:4.3.0] AndroidManifest.xml:29:9-53
42        android:required="false" /> <!-- TODO replace above two with next line after Android 4.2 -->
42-->[com.journeyapps:zxing-android-embedded:4.3.0] AndroidManifest.xml:30:9-33
43    <!-- <uses-feature android:name="android.hardware.camera.any"/> -->
44    <uses-feature
44-->[com.journeyapps:zxing-android-embedded:4.3.0] AndroidManifest.xml:33:5-35:36
45        android:name="android.hardware.camera.autofocus"
45-->[com.journeyapps:zxing-android-embedded:4.3.0] AndroidManifest.xml:34:9-57
46        android:required="false" />
46-->[com.journeyapps:zxing-android-embedded:4.3.0] AndroidManifest.xml:35:9-33
47    <uses-feature
47-->[com.journeyapps:zxing-android-embedded:4.3.0] AndroidManifest.xml:36:5-38:36
48        android:name="android.hardware.camera.flash"
48-->[com.journeyapps:zxing-android-embedded:4.3.0] AndroidManifest.xml:37:9-53
49        android:required="false" />
49-->[com.journeyapps:zxing-android-embedded:4.3.0] AndroidManifest.xml:38:9-33
50    <uses-feature
50-->[com.journeyapps:zxing-android-embedded:4.3.0] AndroidManifest.xml:39:5-41:36
51        android:name="android.hardware.screen.landscape"
51-->[com.journeyapps:zxing-android-embedded:4.3.0] AndroidManifest.xml:40:9-57
52        android:required="false" />
52-->[com.journeyapps:zxing-android-embedded:4.3.0] AndroidManifest.xml:41:9-33
53    <uses-feature
53-->[com.journeyapps:zxing-android-embedded:4.3.0] AndroidManifest.xml:42:5-44:36
54        android:name="android.hardware.wifi"
54-->[com.journeyapps:zxing-android-embedded:4.3.0] AndroidManifest.xml:43:9-45
55        android:required="false" />
55-->[com.journeyapps:zxing-android-embedded:4.3.0] AndroidManifest.xml:44:9-33
56
57    <application
57-->src/main/AndroidManifest.xml:16:5-36:19
58        android:name="com.quartz.wallet.QuartzApp"
58-->src/main/AndroidManifest.xml:17:9-34
59        android:allowBackup="false"
59-->src/main/AndroidManifest.xml:18:9-36
60        android:appComponentFactory="androidx.core.app.CoreComponentFactory"
60-->[androidx.core:core:1.15.0] AndroidManifest.xml:28:18-86
61        android:debuggable="true"
62        android:extractNativeLibs="false"
63        android:icon="@mipmap/ic_launcher"
63-->src/main/AndroidManifest.xml:19:9-43
64        android:label="Quartz Wallet"
64-->src/main/AndroidManifest.xml:20:9-38
65        android:roundIcon="@mipmap/ic_launcher_round"
65-->src/main/AndroidManifest.xml:21:9-54
66        android:supportsRtl="true"
66-->src/main/AndroidManifest.xml:22:9-35
67        android:theme="@style/Theme.QuartzWallet" >
67-->src/main/AndroidManifest.xml:23:9-50
68        <activity
68-->src/main/AndroidManifest.xml:26:9-35:20
69            android:name="com.quartz.wallet.MainActivity"
69-->src/main/AndroidManifest.xml:27:13-41
70            android:exported="true"
70-->src/main/AndroidManifest.xml:28:13-36
71            android:theme="@style/Theme.QuartzWallet"
71-->src/main/AndroidManifest.xml:30:13-54
72            android:windowSoftInputMode="adjustResize" >
72-->src/main/AndroidManifest.xml:29:13-55
73            <intent-filter>
73-->src/main/AndroidManifest.xml:31:13-34:29
74                <action android:name="android.intent.action.MAIN" />
74-->src/main/AndroidManifest.xml:32:17-69
74-->src/main/AndroidManifest.xml:32:25-66
75
76                <category android:name="android.intent.category.LAUNCHER" />
76-->src/main/AndroidManifest.xml:33:17-77
76-->src/main/AndroidManifest.xml:33:27-74
77            </intent-filter>
78        </activity>
79
80        <provider
80-->[androidx.emoji2:emoji2:1.3.0] AndroidManifest.xml:24:9-32:20
81            android:name="androidx.startup.InitializationProvider"
81-->[androidx.emoji2:emoji2:1.3.0] AndroidManifest.xml:25:13-67
82            android:authorities="com.quartz.wallet.androidx-startup"
82-->[androidx.emoji2:emoji2:1.3.0] AndroidManifest.xml:26:13-68
83            android:exported="false" >
83-->[androidx.emoji2:emoji2:1.3.0] AndroidManifest.xml:27:13-37
84            <meta-data
84-->[androidx.emoji2:emoji2:1.3.0] AndroidManifest.xml:29:13-31:52
85                android:name="androidx.emoji2.text.EmojiCompatInitializer"
85-->[androidx.emoji2:emoji2:1.3.0] AndroidManifest.xml:30:17-75
86                android:value="androidx.startup" />
86-->[androidx.emoji2:emoji2:1.3.0] AndroidManifest.xml:31:17-49
87            <meta-data
87-->[androidx.lifecycle:lifecycle-process:2.8.7] AndroidManifest.xml:29:13-31:52
88                android:name="androidx.lifecycle.ProcessLifecycleInitializer"
88-->[androidx.lifecycle:lifecycle-process:2.8.7] AndroidManifest.xml:30:17-78
89                android:value="androidx.startup" />
89-->[androidx.lifecycle:lifecycle-process:2.8.7] AndroidManifest.xml:31:17-49
90            <meta-data
90-->[androidx.profileinstaller:profileinstaller:1.3.1] AndroidManifest.xml:29:13-31:52
91                android:name="androidx.profileinstaller.ProfileInstallerInitializer"
91-->[androidx.profileinstaller:profileinstaller:1.3.1] AndroidManifest.xml:30:17-85
92                android:value="androidx.startup" />
92-->[androidx.profileinstaller:profileinstaller:1.3.1] AndroidManifest.xml:31:17-49
93        </provider>
94
95        <receiver
95-->[androidx.profileinstaller:profileinstaller:1.3.1] AndroidManifest.xml:34:9-52:20
96            android:name="androidx.profileinstaller.ProfileInstallReceiver"
96-->[androidx.profileinstaller:profileinstaller:1.3.1] AndroidManifest.xml:35:13-76
97            android:directBootAware="false"
97-->[androidx.profileinstaller:profileinstaller:1.3.1] AndroidManifest.xml:36:13-44
98            android:enabled="true"
98-->[androidx.profileinstaller:profileinstaller:1.3.1] AndroidManifest.xml:37:13-35
99            android:exported="true"
99-->[androidx.profileinstaller:profileinstaller:1.3.1] AndroidManifest.xml:38:13-36
100            android:permission="android.permission.DUMP" >
100-->[androidx.profileinstaller:profileinstaller:1.3.1] AndroidManifest.xml:39:13-57
101            <intent-filter>
101-->[androidx.profileinstaller:profileinstaller:1.3.1] AndroidManifest.xml:40:13-42:29
102                <action android:name="androidx.profileinstaller.action.INSTALL_PROFILE" />
102-->[androidx.profileinstaller:profileinstaller:1.3.1] AndroidManifest.xml:41:17-91
102-->[androidx.profileinstaller:profileinstaller:1.3.1] AndroidManifest.xml:41:25-88
103            </intent-filter>
104            <intent-filter>
104-->[androidx.profileinstaller:profileinstaller:1.3.1] AndroidManifest.xml:43:13-45:29
105                <action android:name="androidx.profileinstaller.action.SKIP_FILE" />
105-->[androidx.profileinstaller:profileinstaller:1.3.1] AndroidManifest.xml:44:17-85
105-->[androidx.profileinstaller:profileinstaller:1.3.1] AndroidManifest.xml:44:25-82
106            </intent-filter>
107            <intent-filter>
107-->[androidx.profileinstaller:profileinstaller:1.3.1] AndroidManifest.xml:46:13-48:29
108                <action android:name="androidx.profileinstaller.action.SAVE_PROFILE" />
108-->[androidx.profileinstaller:profileinstaller:1.3.1] AndroidManifest.xml:47:17-88
108-->[androidx.profileinstaller:profileinstaller:1.3.1] AndroidManifest.xml:47:25-85
109            </intent-filter>
110            <intent-filter>
110-->[androidx.profileinstaller:profileinstaller:1.3.1] AndroidManifest.xml:49:13-51:29
111                <action android:name="androidx.profileinstaller.action.BENCHMARK_OPERATION" />
111-->[androidx.profileinstaller:profileinstaller:1.3.1] AndroidManifest.xml:50:17-95
111-->[androidx.profileinstaller:profileinstaller:1.3.1] AndroidManifest.xml:50:25-92
112            </intent-filter>
113        </receiver>
114
115        <activity
115-->[com.journeyapps:zxing-android-embedded:4.3.0] AndroidManifest.xml:47:9-53:63
116            android:name="com.journeyapps.barcodescanner.CaptureActivity"
116-->[com.journeyapps:zxing-android-embedded:4.3.0] AndroidManifest.xml:48:13-74
117            android:clearTaskOnLaunch="true"
117-->[com.journeyapps:zxing-android-embedded:4.3.0] AndroidManifest.xml:49:13-45
118            android:screenOrientation="sensorLandscape"
118-->[com.journeyapps:zxing-android-embedded:4.3.0] AndroidManifest.xml:50:13-56
119            android:stateNotNeeded="true"
119-->[com.journeyapps:zxing-android-embedded:4.3.0] AndroidManifest.xml:51:13-42
120            android:theme="@style/zxing_CaptureTheme"
120-->[com.journeyapps:zxing-android-embedded:4.3.0] AndroidManifest.xml:52:13-54
121            android:windowSoftInputMode="stateAlwaysHidden" />
121-->[com.journeyapps:zxing-android-embedded:4.3.0] AndroidManifest.xml:53:13-60
122    </application>
123
124</manifest>